<?xml version="1.0" encoding="UTF-8"?>
<testng-results skipped="0" failed="0" total="1" passed="1">
  <reporter-output>
  </reporter-output>
  <suite name="LandingPageSuite" duration-ms="13" started-at="2013-03-05T13:42:09Z" finished-at="2013-03-05T13:42:09Z">
    <groups>
    </groups>
    <test name="LandingPage" duration-ms="13" started-at="2013-03-05T13:42:09Z" finished-at="2013-03-05T13:42:09Z">
      <class name="tests.website.discovery.landing.src.LandingPageTests">
        <test-method status="PASS" signature="setup()[pri:0, instance:tests.website.discovery.landing.src.LandingPageTests@68f1e723]" name="setup" is-config="true" duration-ms="8000" started-at="2013-03-05T19:12:01Z" finished-at="2013-03-05T19:12:09Z">
          <reporter-output>
          </reporter-output>
        </test-method> <!-- setup -->
        <test-method status="PASS" signature="verifyClothes()[pri:0, instance:tests.website.discovery.landing.src.LandingPageTests@68f1e723]" name="verifyClothes" duration-ms="3" started-at="2013-03-05T19:12:09Z" finished-at="2013-03-05T19:12:09Z">
          <reporter-output>
          </reporter-output>
        </test-method> <!-- verifyClothes -->
        <test-method status="PASS" signature="teardown()[pri:0, instance:tests.website.discovery.landing.src.LandingPageTests@68f1e723]" name="teardown" is-config="true" duration-ms="10" started-at="2013-03-05T19:12:09Z" finished-at="2013-03-05T19:12:09Z">
          <reporter-output>
          </reporter-output>
        </test-method> <!-- teardown -->
      </class> <!-- tests.website.discovery.landing.src.LandingPageTests -->
    </test> <!-- LandingPage -->
  </suite> <!-- LandingPageSuite -->
  <suite name="Default Suite" duration-ms="0" started-at="2013-03-05T13:42:09Z" finished-at="2013-03-05T13:42:09Z">
    <groups>
    </groups>
  </suite> <!-- Default Suite -->
</testng-results>
